[2020-11-23 01:04:14,462][Thread-1:7032][task_id:django.request][log.py:224][ERROR][Internal Server Error: /getBaseInfo]
Traceback (most recent call last):
  File "F:\Program\anaconda3\envs\vcs\lib\site-packages\django\core\handlers\exception.py", line 47, in inner
    response = get_response(request)
  File "F:\Program\anaconda3\envs\vcs\lib\site-packages\django\utils\deprecation.py", line 113, in __call__
    response = self.process_request(request)
  File "F:\Program\anaconda3\envs\vcs\lib\site-packages\django\middleware\common.py", line 54, in process_request
    path = self.get_full_path_with_slash(request)
  File "F:\Program\anaconda3\envs\vcs\lib\site-packages\django\middleware\common.py", line 87, in get_full_path_with_slash
    raise RuntimeError(
RuntimeError: You called this URL via POST, but the URL doesn't end in a slash and you have APPEND_SLASH set. Django can't redirect to the slash URL while maintaining POST data. Change your form to point to localhost:8000/getBaseInfo/ (note the trailing slash), or set APPEND_SLASH=False in your Django settings.
[2020-11-23 01:04:14,467][Thread-3:9584][task_id:django.request][log.py:224][ERROR][Internal Server Error: /getECSGroup]
Traceback (most recent call last):
  File "F:\Program\anaconda3\envs\vcs\lib\site-packages\django\core\handlers\exception.py", line 47, in inner
    response = get_response(request)
  File "F:\Program\anaconda3\envs\vcs\lib\site-packages\django\utils\deprecation.py", line 113, in __call__
    response = self.process_request(request)
  File "F:\Program\anaconda3\envs\vcs\lib\site-packages\django\middleware\common.py", line 54, in process_request
    path = self.get_full_path_with_slash(request)
  File "F:\Program\anaconda3\envs\vcs\lib\site-packages\django\middleware\common.py", line 87, in get_full_path_with_slash
    raise RuntimeError(
RuntimeError: You called this URL via POST, but the URL doesn't end in a slash and you have APPEND_SLASH set. Django can't redirect to the slash URL while maintaining POST data. Change your form to point to localhost:8000/getECSGroup/ (note the trailing slash), or set APPEND_SLASH=False in your Django settings.
[2020-11-23 01:04:14,467][Thread-2:19284][task_id:django.request][log.py:224][ERROR][Internal Server Error: /getBaseInfoTimeSeries]
Traceback (most recent call last):
  File "F:\Program\anaconda3\envs\vcs\lib\site-packages\django\core\handlers\exception.py", line 47, in inner
    response = get_response(request)
  File "F:\Program\anaconda3\envs\vcs\lib\site-packages\django\utils\deprecation.py", line 113, in __call__
    response = self.process_request(request)
  File "F:\Program\anaconda3\envs\vcs\lib\site-packages\django\middleware\common.py", line 54, in process_request
    path = self.get_full_path_with_slash(request)
  File "F:\Program\anaconda3\envs\vcs\lib\site-packages\django\middleware\common.py", line 87, in get_full_path_with_slash
    raise RuntimeError(
RuntimeError: You called this URL via POST, but the URL doesn't end in a slash and you have APPEND_SLASH set. Django can't redirect to the slash URL while maintaining POST data. Change your form to point to localhost:8000/getBaseInfoTimeSeries/ (note the trailing slash), or set APPEND_SLASH=False in your Django settings.
